0:100  0:100  MemLog inited, TSC freq: 1797192750
0:100  0:000  CPU was calibrated with RTC
0:100  0:000  
0:100  0:000  Now is 5.8.2019,  21:29:36 (GMT)
0:100  0:000  Starting Clover revision: 4920 on HUAWEI EFI
0:100  0:000  Build with: [Args: -mc --no-usb -D NO_GRUB_DRIVERS_EMBEDDED -t XCODE8 | -D DISABLE_USB_SUPPORT -D NO_GRUB_DRIVERS_EMBEDDED --conf=/Users/macman/src/edk2/Conf -D USE_BIOS_BLOCKIO -D USE_LOW_EBDA -a X64 -b RELEASE -t XCODE8 -n 13 | OS: 10.14.4 | XCODE: 10.2]
0:100  0:000  SelfDevicePath=PciRoot(0x0)\Pci(0x14,0x0)\USB(0xC,0x0)\HD(1,GPT,7D05E031-7822-4EE6-8118-156AA4CFB4DC,0x28,0x64000) @6FE5D718
0:100  0:000  SelfDirPath = \EFI\BOOT
0:102  0:001  === [ Get Smbios ] ========================================
0:102  0:000  Type 16 Index = 0
0:102  0:000  Total Memory Slots Count = 2
0:102  0:000  Type 17 Index = 0
0:102  0:000  SmbiosTable.Type17->Speed = 2400MHz
0:102  0:000  SmbiosTable.Type17->Size = 8192MB
0:102  0:000  SmbiosTable.Type17->Bank/Device = BANK 0 ChannelA-DIMM0
0:102  0:000  SmbiosTable.Type17->Vendor = SK Hynix
0:102  0:000  SmbiosTable.Type17->SerialNumber = 2E76BD8A
0:102  0:000  SmbiosTable.Type17->PartNumber = HMA81GS6AFR8N-UH    
0:102  0:000  Type 17 Index = 1
0:102  0:000  Ignoring insane frequency value 0MHz
0:102  0:000  SmbiosTable.Type17->Speed = 0MHz
0:102  0:000  SmbiosTable.Type17->Size = 0MB
0:102  0:000  SmbiosTable.Type17->Bank/Device = BANK 2 ChannelB-DIMM0
0:102  0:000  SmbiosTable.Type17->Vendor = <null string>
0:102  0:000  SmbiosTable.Type17->SerialNumber = <null string>
0:102  0:000  SmbiosTable.Type17->PartNumber = <null string>
0:102  0:000  Boot status=0
0:102  0:000  Running on: 'MRC-WX0' with board 'MRC-WX0-PCB'
0:102  0:000  === [ GetCPUProperties ] ==================================
0:102  0:000  CPU Vendor = 756E6547 Model=806EA
0:102  0:000   The CPU supported SSE4.1
0:102  0:000  BrandString = Intel(R) Core(TM) i5-8250U CPU @ 1.60GHz
0:102  0:000   The CPU supported turbo
0:102  0:000  MSR 0x35               40008
0:102  0:000   TSC/CCC Information Leaf:
0:102  0:000    numerator     : 150
0:102  0:000    denominator   : 2
0:102  0:000   Calibrated ARTFrequency: 23962570
0:102  0:000  MSR 0xE2 before patch 1E008008
0:102  0:000  MSR 0xE2 is locked, PM patches will be turned on
0:102  0:000  MSR 0xCE              0004043D_F1011200
0:102  0:000  corrected FLEX_RATIO = 0
0:102  0:000  MSR 0x1B0             00000000
0:102  0:000  FSBFrequency = 89 MHz, DMI FSBFrequency = 100 MHz, Corrected FSBFrequency = 100 MHz
0:102  0:000  MaxDiv/MinDiv: 18.0/4
0:102  0:000  Turbo: 34/34/34/34
0:102  0:000  Features: 0xBFEBFBFF
0:102  0:000  Threads: 8
0:102  0:000  Cores: 4
0:102  0:000  FSB: 100 MHz
0:102  0:000  CPU: 1600 MHz
0:102  0:000  TSC: 1600 MHz
0:102  0:000  PIS: 100 MHz
0:102  0:000  ExternalClock: 25 MHz
0:102  0:000  === [ GetDevices ] ========================================
0:102  0:000  PCI (00|00:00.00) : 8086 5914 class=060000
0:102  0:000  PCI (00|00:02.00) : 8086 5917 class=030000
0:102  0:000   - GFX: Model=Intel UHD Graphics 620 (Intel)
0:102  0:000  PCI (00|00:04.00) : 8086 1903 class=118000
0:102  0:000  PCI (00|00:08.00) : 8086 1911 class=088000
0:102  0:000  PCI (00|00:14.00) : 8086 9D2F class=0C0330
0:102  0:000  PCI (00|00:14.02) : 8086 9D31 class=118000
0:102  0:000  PCI (00|00:15.00) : 8086 9D60 class=118000
0:102  0:000  PCI (00|00:15.01) : 8086 9D61 class=118000
0:102  0:000  PCI (00|00:16.00) : 8086 9D3A class=078000
0:102  0:000  PCI (00|00:17.00) : 8086 9D03 class=010601
0:102  0:000  PCI (00|00:1C.00) : 8086 9D14 class=060400
0:102  0:000  PCI (00|01:00.00) : 126F 2262 class=010802
0:102  0:000  PCI (00|00:1D.00) : 8086 9D18 class=060400
0:103  0:000  PCI (00|02:00.00) : 8086 24FD class=028000
0:103  0:000   - WIFI: Vendor=Intel
0:103  0:000  PCI (00|00:1F.00) : 8086 9D4E class=060100
0:103  0:000  PCI (00|00:1F.02) : 8086 9D21 class=058000
0:103  0:000  PCI (00|00:1F.03) : 8086 9D71 class=040300
0:103  0:000  PCI (00|00:1F.04) : 8086 9D23 class=0C0500
0:103  0:000  === [ GetDefaultSettings ] ================================
0:103  0:000  Clover load options size = 0 bytes
0:117  0:014  EFI\CLOVER\config.plist loaded: Success
0:122  0:004  === [ GetListOfThemes ] ===================================
0:125  0:002  - [00]: embedded
0:125  0:000  - [00]: random
0:125  0:000  - [00]: tonymacx86
0:125  0:000  === [ Found config plists ] ===============================
0:125  0:000  - config.plist
0:125  0:000  === [ GetEarlyUserSettings ] ==============================
0:125  0:000  timeout set to 3
0:125  0:000  Custom boot CUSTOM_BOOT_DISABLED (0x0)
0:326  0:200  KextsToPatch: 4 requested
0:404  0:077   - [00]: AppleAHCIPort (External icons patch) :: BinPatch :: data len: 8
0:725  0:321   - [01]: com.apple.iokit.IOUSBHostFamily (USB Port Limit Patch 1 ©PMHeart) :: MatchOS: 10.14.4 :: BinPatch :: data len: 9
1:124  0:398   - [02]: com.apple.driver.usb.AppleUSBXHCI (USB Port Limit Patch 2 ©PMHeart) :: MatchOS: 10.14.4 :: BinPatch :: data len: 10
1:519  0:395   - [03]: com.apple.iokit.IOUSBHostFamily (USB Port Limit Patch 3 ©PMHeart) :: MatchOS: 10.14.4 :: BinPatch :: data len: 8
1:940  0:420  Default theme: tonymacx86
2:017  0:077  Hiding entries with string Windows
2:095  0:077  Hiding entries with string BOOTX64.EFI
2:173  0:077  === [ LoadDrivers ] =======================================
5:446  3:272  Loading ApfsDriverLoader-64.efi  status=Success
5:683  0:236   - driver needs connecting
5:765  0:082  Loading AptioMemoryFix-64.efi  status=Success
6:018  0:253  Loading AudioDxe-64.efi  status=Success
6:262  0:243   - driver needs connecting
6:340  0:078  Loading DataHubDxe-64.efi  status=Success
6:617  0:276  Loading FSInject-64.efi  status=Success
6:860  0:243  Loading PartitionDxe-64.efi  status=Success
7:098  0:237   - driver needs connecting
7:178  0:079  Loading SMCHelper-64.efi  status=Success
7:420  0:242  Loading VBoxHfs-64.efi  status=Success
7:658  0:237   - driver needs connecting
7:744  0:085  4 drivers needs connecting ...
7:853  0:109  PlatformDriverOverrideProtocol->GetDriver overriden
7:931  0:077  Partition driver loaded: 
8:080  0:149  APFS driver loaded
8:164  0:083  Searching for invalid DiskIo BY_DRIVER connects: not found, all ok
12:264  4:099  === [ InitScreen ] ========================================
15:695  3:431  Console modes reported: 7, available modes:
15:779  0:083   - [01]: 80x25
15:857  0:078   - [02]: 80x50
15:935  0:077   - [03]: 80x25
16:013  0:078   - [04]: 240x56 (current mode)
16:090  0:076   - [05]: 100x31
16:180  0:090   - [06]: 128x40
16:263  0:082   - [07]: 160x53
16:340  0:077  SetScreenResolution: 1920x1080 - already set
16:496  0:155  SetScreenResolution: 1920x1080 - already set
16:651  0:154  reinit: self device path=PciRoot(0x0)\Pci(0x14,0x0)\USB(0xC,0x0)\HD(1,GPT,7D05E031-7822-4EE6-8118-156AA4CFB4DC,0x28,0x64000)
16:735  0:084  Using embedded font: Success
16:810  0:074  === [ GetMacAddress ] =====================================
19:837  3:027  === [ ScanSPD ] ===========================================
23:400  3:562  Scanning SMBus [8086:9D23], mmio: 0xA1238004, ioport: 0x3040, hostc: 0x11
23:497  0:096  Slot: 0 Type 26 8192MB 2400MHz Vendor=SK Hynix PartNo=HMA81GS6AFR8N-UH SerialNo=020E07060B0D080A
23:618  0:121  === [ GetAcpiTablesList ] =================================
26:427  2:808  Get Acpi Tables List from RSDT:
26:582  0:154   - [00]: FACP  KBL-ULT  len=268
26:661  0:079   - [01]: UEFI  KBL-ULT  len=566
26:739  0:078   - [02]: UEFI  KBL-ULT  len=66
26:824  0:085   - [03]: SSDT  KBL-ULT  len=2498
26:923  0:099   - [04]: MSDM  KBL-ULT  len=85
27:002  0:078   - [05]: SSDT  KBL-ULT  len=1219
27:081  0:078   - [06]: SSDT  KBL-ULT  len=70
27:159  0:078   - [07]: TPM2  KBL-ULT  len=52
27:237  0:077   - [08]: SSDT  KBL-ULT  len=12560
27:320  0:083   - [09]: SSDT  KBL-ULT  len=73091
27:399  0:078   - [10]: ASF!  KBL-ULT  len=165
27:478  0:078   - [11]: ASPT  KBL-ULT  len=52
27:556  0:078   - [12]: BOOT  KBL-ULT  len=40
27:633  0:077   - [13]: DBGP  KBL-ULT  len=52
27:735  0:101   - [14]: HPET  KBL-ULT  len=56
27:813  0:078   - [15]: APIC  KBL-ULT  len=300
27:890  0:077   - [16]: MCFG  KBL-ULT  len=60
27:961  0:071   - [17]: SSDT  KBL-ULT  len=6062
28:039  0:077   - [18]: DMAR  KBL-ULT  len=240
28:117  0:077   - [19]: FPDT  KBL-ULT  len=68
28:195  0:077   - [20]: BGRT  KBL-ULT  len=56
28:278  0:083  Calibrated TSC Frequency = 1797192750 = 1797MHz
28:357  0:078  === [ GetUserSettings ] ===================================
31:312  2:955  USB FixOwnership: no
31:409  0:096  Dropping 1 tables:
31:486  0:077   - [00]: Drop table  signature="MATS" (5354414D)
32:119  0:632           - set table: 5354414D,                0 to drop: no
32:275  0:156   - final DSDT Fix mask=00000000
32:352  0:077  Using ProductName from config: iMac14,2
32:430  0:077  BiosVersion: not set, Using BiosVersion from clover
32:509  0:078  BiosVersion: IM142.88Z.F000.B00.1902141634
32:592  0:083  BiosReleaseDate: 02/14/2019
32:709  0:116  Using EfiVersion from clover: 135.0.0.0.0
32:806  0:097  Using FirmwareFeatures from clover: 0xE00FE137
32:884  0:077  Using FirmwareFeaturesMask from clover: 0xFF1FFF3F
32:963  0:078  Using PlatformFeature from clover: 0x1
33:050  0:087  === [ Found DSDT tables ] =================================
35:807  2:756  === [ ScanVolumes ] =======================================
39:086  3:279  Found 8 volumes with blockIO
39:136  0:049  - [00]: Volume: PciRoot(0x0)\Pci(0x1C,0x0)\Pci(0x0,0x0)\NVMe(0x1,00-00-00-00-00-00-00-00)
39:261  0:124  - [01]: Volume: PciRoot(0x0)\Pci(0x1C,0x0)\Pci(0x0,0x0)\NVMe(0x1,00-00-00-00-00-00-00-00)\HD(1,GPT,E588F98D-D4B4-42F6-BFF2-347828683FF0,0x800,0xF9800)
39:433  0:172          Result of bootcode detection: bootable Windows (vista,win)
39:512  0:078  - [02]: Volume: PciRoot(0x0)\Pci(0x1C,0x0)\Pci(0x0,0x0)\NVMe(0x1,00-00-00-00-00-00-00-00)\HD(2,GPT,42CBA042-D17F-4B84-A589-F1B40EF9068E,0xFA000,0x32000)
39:663  0:151          Result of bootcode detection: bootable Windows (vista,win)
39:748  0:084  - [03]: Volume: PciRoot(0x0)\Pci(0x1C,0x0)\Pci(0x0,0x0)\NVMe(0x1,00-00-00-00-00-00-00-00)\HD(3,GPT,DCECA649-259E-4E53-92E8-5B3FD8CDA08B,0x12C000,0x8000)
39:924  0:176  - [04]: Volume: PciRoot(0x0)\Pci(0x1C,0x0)\Pci(0x0,0x0)\NVMe(0x1,00-00-00-00-00-00-00-00)\HD(4,GPT,D27C2198-DE8D-416A-8D33-788E7FCFC60F,0x134000,0x3B8AD000)
40:081  0:157          Result of bootcode detection: bootable Windows (vista,win)
40:159  0:077  - [05]: Volume: PciRoot(0x0)\Pci(0x14,0x0)\USB(0xC,0x0)
40:314  0:155          USB volume
40:385  0:071  - [06]: Volume: PciRoot(0x0)\Pci(0x14,0x0)\USB(0xC,0x0)\HD(1,GPT,7D05E031-7822-4EE6-8118-156AA4CFB4DC,0x28,0x64000)
40:560  0:174          Result of bootcode detection: bootable unknown (legacy)
40:644  0:083          USB volume
40:721  0:077          This is SelfVolume !!
40:799  0:077  - [07]: Volume: PciRoot(0x0)\Pci(0x14,0x0)\USB(0xC,0x0)\HD(2,GPT,0E63FE02-97AB-4703-8CC5-7EDA3D6709CE,0x64028,0x71EBFB0)
40:956  0:157          USB volume
41:034  0:077  found 2 handles with audio
41:118  0:084  No AudioIoDevice stored
41:215  0:096  no stored audio parameters
41:292  0:077  === [ InitTheme ] =========================================
44:720  3:427  use night theme
44:802  0:081  Using theme 'tonymacx86' (EFI\CLOVER\themes\tonymacx86)
44:880  0:078  file sound read: sound_night.wav Not Found
44:958  0:077  file sound read: sound.wav Not Found
45:042  0:083  Loading font from ThemeDir: Error
45:123  0:080  theme inited
45:201  0:078  Chosen theme tonymacx86
45:312  0:111  after NVRAM boot-args=dart=0 nv_disable=1
45:410  0:097  Scanning legacy ...
45:494  0:084   1: 'Legacy HD1' (vista,win) add legacy
45:670  0:176   added 'Boot Windows from Legacy HD1' OSType=2 Icon=vista,win
45:750  0:080   2: 'EFI' (vista,win) add legacy
45:910  0:160   added 'Boot Windows from EFI' OSType=2 Icon=vista,win
45:995  0:084   4: 'Legacy HD4' (vista,win) add legacy
46:147  0:152   added 'Boot Windows from Legacy HD4' OSType=2 Icon=vista,win
46:226  0:078  === [ Dump SMC keys from NVRAM ] ==========================
48:479  2:253  found AppleSMC protocol
48:572  0:092  Registered 17 SMC keys
48:679  0:107  === [ ScanLoader ] ========================================
51:952  3:272  - [02]: 'EFI'
52:112  0:160          AddLoaderEntry for Volume Name=EFI
52:271  0:159          AddLoaderEntry for Volume Name=EFI
52:335  0:063          skipped because entry is hidden
52:387  0:051  - [06]: 'EFI'
52:548  0:160          AddLoaderEntry for Volume Name=EFI
52:638  0:090          skipped because entry is hidden
52:737  0:098  - [07]: 'Install macOS Mojave'
52:896  0:158          AddLoaderEntry for Volume Name=Install macOS Mojave
53:036  0:140  === [ AddCustomTool ] =====================================
56:088  3:051  found tool \EFI\CLOVER\tools\Shell64U.efi
56:166  0:078  Checking EFI partition Volume 2 for Clover
56:244  0:077  Checking EFI partition Volume 6 for Clover
56:322  0:078   Found Clover
56:409  0:086  === [ GetEfiBootDeviceFromNvram ] =========================
58:579  2:170   - efi-boot-device-data: PciRoot(0x0)\Pci(0x14,0x0)\USB(0xC,0x0)\HD(2,GPT,0E63FE02-97AB-4703-8CC5-7EDA3D6709CE,0x64028,0x71EBFB0)\System\Library\CoreServices\boot.efii
58:682  0:102    - Volume: 'PciRoot(0x0)\Pci(0x14,0x0)\USB(0xC,0x0)\HD(2,GPT,0E63FE02-97AB-4703-8CC5-7EDA3D6709CE,0x64028,0x71EBFB0)'
58:760  0:078    - LoaderPath: '\System\Library\CoreServices\boot.efi'
58:844  0:084    - Guid = 0E63FE02-97AB-4703-8CC5-7EDA3D6709CE
58:923  0:079  === [ FindStartupDiskVolume ] =============================
61:409  2:485    - Volume: partition = PciRoot(0x0)\Pci(0x14,0x0)\USB(0xC,0x0)\HD(2,GPT,0E63FE02-97AB-4703-8CC5-7EDA3D6709CE,0x64028,0x71EBFB0)
61:507  0:098     - searching for that partition and loader '\System\Library\CoreServices\boot.efi'
61:586  0:079      - found entry 4. 'Boot macOS Install from Install macOS Mojave', Volume 'Install macOS Mojave', '\System\Library\CoreServices\boot.efi'
61:665  0:078  Boot redirected to Entry 4. 'Boot macOS Install from Install macOS Mojave'
61:739  0:073  DefaultIndex=4 and MainMenu.EntryCount=11
62:096  0:356  GUI ready
76:419  14:323   boot with args: dart=0 nv_disable=1 -v 
91:733  15:314   boot with args: dart=0 nv_disable=1 -v 
91:785  0:051  ParseBootOption: invalid input params
91:837  0:051  BootVariable of the entry is empty
91:889  0:051  === [ StartLoader ] =======================================
95:096  3:207  Finally: ExternalClock=25MHz BusSpeed=99845kHz CPUFreq=1797MHz PIS: hw.busfrequency=100000000Hz
95:246  0:149  Loading boot.efi  status=Success
95:641  0:395  GetOSVersion: 10.14.5 (18F132)
95:989  0:348  CSR_CFG: CSR_ALLOW_UNTRUSTED_KEXTS | CSR_ALLOW_UNRESTRICTED_FS
96:067  0:078  Filtering KextPatches:
96:146  0:078   - [00]: AppleAHCIPort (External icons patch) :: BinPatch :: [OS: 10.14.5 | MatchOS: All | MatchBuild: All] ==> allowed
96:302  0:156   - [01]: com.apple.iokit.IOUSBHostFamily (USB Port Limit Patch 1 ©PMHeart) :: BinPatch :: [OS: 10.14.5 | MatchOS: 10.14.4 | MatchBuild: All] ==> not allowed
96:466  0:163   - [02]: com.apple.driver.usb.AppleUSBXHCI (USB Port Limit Patch 2 ©PMHeart) :: BinPatch :: [OS: 10.14.5 | MatchOS: 10.14.4 | MatchBuild: All] ==> not allowed
96:639  0:173   - [03]: com.apple.iokit.IOUSBHostFamily (USB Port Limit Patch 3 ©PMHeart) :: BinPatch :: [OS: 10.14.5 | MatchOS: 10.14.4 | MatchBuild: All] ==> not allowed
96:800  0:160  Will not patch boot.efi
96:872  0:072  === [ PatchSmbios ] =======================================
100:113  3:241  insert table 9 for dev 0:0
100:198  0:084  Channels: 1
100:276  0:078  Interleave: 0 1 2 3 4 5 6 7 8 9 10 11 12 13 14 15 16 17 18 19 20 21 22 23
102:176  1:900  SMBIOS Type 17 Index = 0 => 0 0:
102:254  0:078  BANK 0 DIMM0 2400MHz 8192MB
102:332  0:077  SMBIOS Type 17 Index = 1 => 1 1:
102:415  0:083  BANK 0 DIMM1 EMPTY
102:492  0:076  mTotalSystemMemory = 8192
102:565  0:072  NumberOfMemoryDevices = 2
102:642  0:077  Type20[0]->End = 0x7FFFFF, Type17[0] = 0x2000
102:719  0:076  === [ PatchACPI ] =========================================
106:032  3:313  Xsdt reallocation done
106:135  0:102  old FADT length=10C
106:212  0:077   SignatureFixup: 0xFBA9E00B -> 0x0
106:291  0:078  Apply DsdtFixMask=0x00000000
106:369  0:078     drop _DSM mask=0xFFFF
106:447  0:078  === [ FixBiosDsdt ] =======================================
109:758  3:310    0 replacements
109:837  0:078  PreCleanup XSDT: count=21, length=204
109:914  0:077  PreCleanup XSDT, corrected XSDT: count=21, length=204
109:993  0:078  === [ ACPIDropTables ] ====================================
113:029  3:035    0 replacements
113:126  0:097  Found OperationRegion(HNVS, SystemMemory, 7FF6E000, ...)
113:204  0:078    0 replacements
113:283  0:079  Found OperationRegion(FHCI, SystemMemory, FED40000, ...)
113:362  0:079  Found OperationRegion(TNVS, SystemMemory, 7FF6C000, ...)
113:447  0:084    0 replacements
113:520  0:073  Found OperationRegion(MENV, SystemMemory, 7FF70FD8, ...)
113:592  0:071    0 replacements
113:670  0:078  Found OperationRegion(SANV, SystemMemory, 7FF6BBD8, ...)
113:749  0:078    0 replacements
113:857  0:108    0 replacements
113:936  0:079  Found OperationRegion(PNVS, SystemMemory, 6774F000, ...)
114:014  0:078  CPUBase=0 and ApicCPUBase=1 ApicCPUNum=16
114:092  0:077  Cleanup XSDT: count=21, length=204
114:170  0:077  corrected XSDT count=21, length=204
114:247  0:076  === [ RestSetup macOS ] ===================================
117:194  2:947  Intel UHD Graphics 620 [8086:5917] :: PciRoot(0x0)\Pci(0x2,0x0)
117:278  0:083    FakeID Intel GFX = 0x12345678
117:349  0:071  Intel GFX revision  = 0x7
117:447  0:097   RCBA disabled; cannot use it
117:524  0:076   setting specified layout-id=1 (0x1)
117:602  0:077  stringlength = 1042
117:685  0:083  CurrentMode: Width=1920 Height=1080
117:763  0:077  Beginning FSInjection
117:864  0:100  Use origin smbios table type 1 guid.
117:981  0:117  Preparing kexts injection for arch=x86_64 from EFI\CLOVER\kexts\Other
118:059  0:077  Extra kext: EFI\CLOVER\kexts\Other\WhateverGreen.kext (v.1.2.7)
118:117  0:058  Disabled kext: EFI\CLOVER\kexts\Other\RealtekRTL8111.kext (v.2.2.2)
118:190  0:072  Extra kext: EFI\CLOVER\kexts\Other\Lilu.kext (v.1.3.5)
118:245  0:054  Disabled kext: EFI\CLOVER\kexts\Other\IntelMausiEthernet.kext (v.2.4.0)
118:315  0:069  Extra kext: EFI\CLOVER\kexts\Other\FakeSMC.kext (v.1800)
118:403  0:087  Disabled kext: EFI\CLOVER\kexts\Other\AtherosE2200Ethernet.kext (v.2.2.2)
118:479  0:076  Preparing kexts injection for arch=x86_64 from EFI\CLOVER\kexts\10.14
118:560  0:080  Custom boot screen not used because entry has unset use graphics
118:659  0:099  Closing log
